<?xml version="1.0" encoding="UTF-8"?>
<testng-results skipped="0" failed="0" total="2" passed="2">
  <reporter-output>
  </reporter-output>
  <suite name="Default suite" duration-ms="1262" started-at="2014-02-28T15:42:16Z" finished-at="2014-02-28T15:42:18Z">
    <groups>
    </groups>
    <test name="Default test" duration-ms="1262" started-at="2014-02-28T15:42:16Z" finished-at="2014-02-28T15:42:18Z">
      <class name="test.PredictivePrototypeTest">
        <test-method status="PASS" signature="signatureToWordsTest()[pri:0, instance:test.PredictivePrototypeTest@16df1832]" name="signatureToWordsTest" duration-ms="1249" started-at="2014-02-28T15:42:16Z" finished-at="2014-02-28T15:42:18Z">
          <reporter-output>
          </reporter-output>
        </test-method> <!-- signatureToWordsTest -->
        <test-method status="PASS" signature="wordToSignatureTest()[pri:0, instance:test.PredictivePrototypeTest@16df1832]" name="wordToSignatureTest" duration-ms="1" started-at="2014-02-28T15:42:18Z" finished-at="2014-02-28T15:42:18Z">
          <reporter-output>
          </reporter-output>
        </test-method> <!-- wordToSignatureTest -->
      </class> <!-- test.PredictivePrototypeTest -->
    </test> <!-- Default test -->
  </suite> <!-- Default suite -->
</testng-results>
